This is pdfTeX, Version 3.141592653-2.6-1.40.24 (TeX Live 2022/Homebrew) (preloaded format=pdflatex 2022.10.3)  4 SEP 2023 10:26
entering extended mode
 restricted \write18 enabled.
 %&-line parsing enabled.
**LatexStyle2.tex
(./LatexStyle2.tex
LaTeX2e <2021-11-15> patch level 1
L3 programming layer <2022-02-24>
(/usr/local/Cellar/texlive/20220321_3/share/texmf-dist/tex/latex/base/article.c
ls
Document Class: article 2021/10/04 v1.4n Standard LaTeX document class

(/usr/local/Cellar/texlive/20220321_3/share/texmf-dist/tex/latex/base/size10.cl
o
File: size10.clo 2021/10/04 v1.4n Standard LaTeX file (size option)
)
\c@part=\count185
\c@section=\count186
\c@subsection=\count187
\c@subsubsection=\count188
\c@paragraph=\count189
\c@subparagraph=\count190
\c@figure=\count191
\c@table=\count192
\abovecaptionskip=\skip47
\belowcaptionskip=\skip48
\bibindent=\dimen138
)
(/Library/Frameworks/R.framework/Versions/4.2/Resources/library/BiocStyle/resou
rces/tex/Bioconductor.sty

LaTeX Warning: You have requested package `/Library/Frameworks/R.framework/Vers
ions/4.2/Resources/library/BiocStyle/resources/tex/Bioconductor',
               but the package provides `Bioconductor'.

Package: Bioconductor 2016/06/22 Bioconductor LaTeX Style

(/usr/local/Cellar/texlive/20220321_3/share/texmf-dist/tex/latex/base/ifthen.st
y
Package: ifthen 2020/11/24 v1.1c Standard LaTeX ifthen package (DPC)
)
(/usr/local/Cellar/texlive/20220321_3/share/texmf-dist/tex/latex/graphics/color
.sty
Package: color 2021/12/07 v1.3c Standard LaTeX Color (DPC)

(/usr/local/Cellar/texlive/20220321_3/share/texmf-dist/tex/latex/graphics-cfg/c
olor.cfg
File: color.cfg 2016/01/02 v1.6 sample color configuration
)
Package color Info: Driver file: pdftex.def on input line 149.

(/usr/local/Cellar/texlive/20220321_3/share/texmf-dist/tex/latex/graphics-def/p
dftex.def
File: pdftex.def 2020/10/05 v1.2a Graphics/color driver for pdftex
)
(/usr/local/Cellar/texlive/20220321_3/share/texmf-dist/tex/latex/graphics/dvips
nam.def
File: dvipsnam.def 2016/06/17 v3.0m Driver-dependent file (DPC,SPQR)
))
(/usr/local/Cellar/texlive/20220321_3/share/texmf-dist/tex/latex/hyperref/hyper
ref.sty
Package: hyperref 2022-02-21 v7.00n Hypertext links for LaTeX

(/usr/local/Cellar/texlive/20220321_3/share/texmf-dist/tex/generic/ltxcmds/ltxc
mds.sty
Package: ltxcmds 2020-05-10 v1.25 LaTeX kernel commands for general use (HO)
)
(/usr/local/Cellar/texlive/20220321_3/share/texmf-dist/tex/generic/iftex/iftex.
sty
Package: iftex 2022/02/03 v1.0f TeX engine tests
)
(/usr/local/Cellar/texlive/20220321_3/share/texmf-dist/tex/generic/pdftexcmds/p
dftexcmds.sty
Package: pdftexcmds 2020-06-27 v0.33 Utility functions of pdfTeX for LuaTeX (HO
)

(/usr/local/Cellar/texlive/20220321_3/share/texmf-dist/tex/generic/infwarerr/in
fwarerr.sty
Package: infwarerr 2019/12/03 v1.5 Providing info/warning/error messages (HO)
)
Package pdftexcmds Info: \pdf@primitive is available.
Package pdftexcmds Info: \pdf@ifprimitive is available.
Package pdftexcmds Info: \pdfdraftmode found.
)
(/usr/local/Cellar/texlive/20220321_3/share/texmf-dist/tex/latex/graphics/keyva
l.sty
Package: keyval 2014/10/28 v1.15 key=value parser (DPC)
\KV@toks@=\toks16
)
(/usr/local/Cellar/texlive/20220321_3/share/texmf-dist/tex/generic/kvsetkeys/kv
setkeys.sty
Package: kvsetkeys 2019/12/15 v1.18 Key value parser (HO)
)
(/usr/local/Cellar/texlive/20220321_3/share/texmf-dist/tex/generic/kvdefinekeys
/kvdefinekeys.sty
Package: kvdefinekeys 2019-12-19 v1.6 Define keys (HO)
)
(/usr/local/Cellar/texlive/20220321_3/share/texmf-dist/tex/generic/pdfescape/pd
fescape.sty
Package: pdfescape 2019/12/09 v1.15 Implements pdfTeX's escape features (HO)
)
(/usr/local/Cellar/texlive/20220321_3/share/texmf-dist/tex/latex/hycolor/hycolo
r.sty
Package: hycolor 2020-01-27 v1.10 Color options for hyperref/bookmark (HO)
)
(/usr/local/Cellar/texlive/20220321_3/share/texmf-dist/tex/latex/letltxmacro/le
tltxmacro.sty
Package: letltxmacro 2019/12/03 v1.6 Let assignment for LaTeX macros (HO)
)
(/usr/local/Cellar/texlive/20220321_3/share/texmf-dist/tex/latex/auxhook/auxhoo
k.sty
Package: auxhook 2019-12-17 v1.6 Hooks for auxiliary files (HO)
)
(/usr/local/Cellar/texlive/20220321_3/share/texmf-dist/tex/latex/kvoptions/kvop
tions.sty
Package: kvoptions 2020-10-07 v3.14 Key value format for package options (HO)
)
\@linkdim=\dimen139
\Hy@linkcounter=\count193
\Hy@pagecounter=\count194

(/usr/local/Cellar/texlive/20220321_3/share/texmf-dist/tex/latex/hyperref/pd1en
c.def
File: pd1enc.def 2022-02-21 v7.00n Hyperref: PDFDocEncoding definition (HO)
Now handling font encoding PD1 ...
... no UTF-8 mapping file for font encoding PD1
)
(/usr/local/Cellar/texlive/20220321_3/share/texmf-dist/tex/generic/intcalc/intc
alc.sty
Package: intcalc 2019/12/15 v1.3 Expandable calculations with integers (HO)
)
(/usr/local/Cellar/texlive/20220321_3/share/texmf-dist/tex/generic/etexcmds/ete
xcmds.sty
Package: etexcmds 2019/12/15 v1.7 Avoid name clashes with e-TeX commands (HO)
)
\Hy@SavedSpaceFactor=\count195

(/usr/local/Cellar/texlive/20220321_3/share/texmf-dist/tex/latex/hyperref/puenc
.def
File: puenc.def 2022-02-21 v7.00n Hyperref: PDF Unicode definition (HO)
Now handling font encoding PU ...
... no UTF-8 mapping file for font encoding PU
)
Package hyperref Info: Option `pdfpagelabels' set `true' on input line 4018.
Package hyperref Info: Option `plainpages' set `false' on input line 4018.
Package hyperref Info: Option `bookmarks' set `true' on input line 4018.
Package hyperref Info: Option `bookmarksopen' set `true' on input line 4018.
Package hyperref Info: Option `bookmarksnumbered' set `true' on input line 4018
.
Package hyperref Info: Option `hyperfootnotes' set `false' on input line 4018.
Package hyperref Info: Option `colorlinks' set `true' on input line 4018.
Package hyperref Info: Option `breaklinks' set `true' on input line 4018.
Package hyperref Info: Option `raiselinks' set `true' on input line 4018.
Package hyperref Info: Option `pdfusetitle' set `true' on input line 4018.
Package hyperref Info: Hyper figures OFF on input line 4137.
Package hyperref Info: Link nesting OFF on input line 4142.
Package hyperref Info: Hyper index ON on input line 4145.
Package hyperref Info: Plain pages OFF on input line 4152.
Package hyperref Info: Backreferencing OFF on input line 4157.
Package hyperref Info: Implicit mode ON; LaTeX internals redefined.
Package hyperref Info: Bookmarks ON on input line 4390.
\c@Hy@tempcnt=\count196

(/usr/local/Cellar/texlive/20220321_3/share/texmf-dist/tex/latex/url/url.sty
\Urlmuskip=\muskip16
Package: url 2013/09/16  ver 3.4  Verb mode for urls, etc.
)
LaTeX Info: Redefining \url on input line 4749.
\XeTeXLinkMargin=\dimen140

(/usr/local/Cellar/texlive/20220321_3/share/texmf-dist/tex/generic/bitset/bitse
t.sty
Package: bitset 2019/12/09 v1.3 Handle bit-vector datatype (HO)

(/usr/local/Cellar/texlive/20220321_3/share/texmf-dist/tex/generic/bigintcalc/b
igintcalc.sty
Package: bigintcalc 2019/12/15 v1.5 Expandable calculations on big integers (HO
)
))
\Fld@menulength=\count197
\Field@Width=\dimen141
\Fld@charsize=\dimen142
Package hyperref Info: Hyper figures OFF on input line 6027.
Package hyperref Info: Link nesting OFF on input line 6032.
Package hyperref Info: Hyper index ON on input line 6035.
Package hyperref Info: backreferencing OFF on input line 6042.
Package hyperref Info: Link coloring ON on input line 6045.
Package hyperref Info: Link coloring with OCG OFF on input line 6052.
Package hyperref Info: PDF/A mode OFF on input line 6057.
LaTeX Info: Redefining \ref on input line 6097.
LaTeX Info: Redefining \pageref on input line 6101.

(/usr/local/Cellar/texlive/20220321_3/share/texmf-dist/tex/latex/base/atbegshi-
ltx.sty
Package: atbegshi-ltx 2021/01/10 v1.0c Emulation of the original atbegshi
package with kernel methods
)
\Hy@abspage=\count198
\c@Item=\count199
)
Package hyperref Info: Driver: hpdftex.

(/usr/local/Cellar/texlive/20220321_3/share/texmf-dist/tex/latex/hyperref/hpdft
ex.def
File: hpdftex.def 2022-02-21 v7.00n Hyperref driver for pdfTeX

(/usr/local/Cellar/texlive/20220321_3/share/texmf-dist/tex/latex/base/atveryend
-ltx.sty
Package: atveryend-ltx 2020/08/19 v1.0a Emulation of the original atveryend pac
kage
with kernel methods
)
\Fld@listcount=\count266
\c@bookmark@seq@number=\count267

(/usr/local/Cellar/texlive/20220321_3/share/texmf-dist/tex/latex/rerunfilecheck
/rerunfilecheck.sty
Package: rerunfilecheck 2019/12/05 v1.9 Rerun checks for auxiliary files (HO)

(/usr/local/Cellar/texlive/20220321_3/share/texmf-dist/tex/generic/uniquecounte
r/uniquecounter.sty
Package: uniquecounter 2019/12/15 v1.4 Provide unlimited unique counter (HO)
)
Package uniquecounter Info: New unique counter `rerunfilecheck' on input line 2
86.
)
\Hy@SectionHShift=\skip49
)
(/usr/local/Cellar/texlive/20220321_3/share/texmf-dist/tex/latex/geometry/geome
try.sty
Package: geometry 2020/01/02 v5.9 Page Geometry

(/usr/local/Cellar/texlive/20220321_3/share/texmf-dist/tex/generic/iftex/ifvtex
.sty
Package: ifvtex 2019/10/25 v1.7 ifvtex legacy package. Use iftex instead.
)
\Gm@cnth=\count268
\Gm@cntv=\count269
\c@Gm@tempcnt=\count270
\Gm@bindingoffset=\dimen143
\Gm@wd@mp=\dimen144
\Gm@odd@mp=\dimen145
\Gm@even@mp=\dimen146
\Gm@layoutwidth=\dimen147
\Gm@layoutheight=\dimen148
\Gm@layouthoffset=\dimen149
\Gm@layoutvoffset=\dimen150
\Gm@dimlist=\toks17
)
\hfskip=\skip50
\layoutw=\skip51
\layouth=\skip52
\layouthoff=\skip53
\layoutvoff=\skip54


Package geometry Warning: Over-specification in `h'-direction.
    `width' (384.1122pt) is ignored.

\overhang=\skip55
\rightoffset=\skip56
\fltoffset=\skip57
\capoffset=\skip58

(/usr/local/Cellar/texlive/20220321_3/share/texmf-dist/tex/latex/bera/beramono.
sty
Package: beramono 2004/01/31 (WaS)
)
(/usr/local/Cellar/texlive/20220321_3/share/texmf-dist/tex/latex/base/fontenc.s
ty
Package: fontenc 2021/04/29 v2.0v Standard LaTeX package
LaTeX Font Info:    Trying to load font information for T1+lmss on input line 1
12.

(/usr/local/Cellar/texlive/20220321_3/share/texmf-dist/tex/latex/lm/t1lmss.fd
File: t1lmss.fd 2015/05/01 v1.6.1 Font defs for Latin Modern
))
(/usr/local/Cellar/texlive/20220321_3/share/texmf-dist/tex/latex/etoolbox/etool
box.sty
Package: etoolbox 2020/10/05 v2.5k e-TeX tools for LaTeX (JAW)
\etb@tempcnta=\count271
)
(/usr/local/Cellar/texlive/20220321_3/share/texmf-dist/tex/latex/titlesec/title
sec.sty
Package: titlesec 2021/07/05 v2.14 Sectioning titles
\ttl@box=\box50
\beforetitleunit=\skip59
\aftertitleunit=\skip60
\ttl@plus=\dimen151
\ttl@minus=\dimen152
\ttl@toksa=\toks18
\titlewidth=\dimen153
\titlewidthlast=\dimen154
\titlewidthfirst=\dimen155
)
(/usr/local/Cellar/texlive/20220321_3/share/texmf-dist/tex/latex/framed/framed.
sty
Package: framed 2011/10/22 v 0.96: framed or shaded text with page breaks
\OuterFrameSep=\skip61
\fb@frw=\dimen156
\fb@frh=\dimen157
\FrameRule=\dimen158
\FrameSep=\dimen159
)
\voverhang=\skip62

(/usr/local/Cellar/texlive/20220321_3/share/texmf-dist/tex/latex/fancyhdr/fancy
hdr.sty
Package: fancyhdr 2021/01/28 v4.0.1 Extensive control of page headers and foote
rs
\f@nch@headwidth=\skip63
\f@nch@O@elh=\skip64
\f@nch@O@erh=\skip65
\f@nch@O@olh=\skip66
\f@nch@O@orh=\skip67
\f@nch@O@elf=\skip68
\f@nch@O@erf=\skip69
\f@nch@O@olf=\skip70
\f@nch@O@orf=\skip71
)

Package fancyhdr Warning: \fancyhead's `E' option without twoside option is use
less on input line 162.


(/usr/local/Cellar/texlive/20220321_3/share/texmf-dist/tex/latex/enumitem/enumi
tem.sty
Package: enumitem 2019/06/20 v3.9 Customized lists
\labelindent=\skip72
\enit@outerparindent=\dimen160
\enit@toks=\toks19
\enit@inbox=\box51
\enit@count@id=\count272
\enitdp@description=\count273
)
(/usr/local/Cellar/texlive/20220321_3/share/texmf-dist/tex/latex/parskip/parski
p.sty
Package: parskip 2021-03-14 v2.0h non-zero parskip adjustments
)
(/usr/local/Cellar/texlive/20220321_3/share/texmf-dist/tex/latex/nowidow/nowido
w.sty
Package: nowidow 2011/09/20 1.0 Easily prevent widows and orphans
Package: nowidow 
)
(/usr/local/Cellar/texlive/20220321_3/share/texmf-dist/tex/latex/parnotes/parno
tes.sty
Package: parnotes 2019/07/23 rev. 3b Notes after every paragraph, or elsewhere
\c@parnotemark=\count274
)
(/usr/local/Cellar/texlive/20220321_3/share/texmf-dist/tex/latex/preprint/authb
lk.sty
Package: authblk 2001/02/27 1.3 (PWD)
\affilsep=\skip73
\@affilsep=\skip74
\c@Maxaffil=\count275
\c@authors=\count276
\c@affil=\count277
)
(/usr/local/Cellar/texlive/20220321_3/share/texmf-dist/tex/generic/soul/soul.st
y
Package: soul 2003/11/17 v2.4 letterspacing/underlining (mf)
\SOUL@word=\toks20
\SOUL@lasttoken=\toks21
\SOUL@cmds=\toks22
\SOUL@buffer=\toks23
\SOUL@token=\toks24
\SOUL@spaceskip=\skip75
\SOUL@ttwidth=\dimen161
\SOUL@uldp=\dimen162
\SOUL@ulht=\dimen163
)
(/usr/local/Cellar/texlive/20220321_3/share/texmf-dist/tex/latex/placeins/place
ins.sty
Package: placeins 2005/04/18  v 2.2
)
(/usr/local/Cellar/texlive/20220321_3/share/texmf-dist/tex/latex/ragged2e/ragge
d2e.sty
Package: ragged2e 2021/12/15 v3.1 ragged2e Package
\CenteringLeftskip=\skip76
\RaggedLeftLeftskip=\skip77
\RaggedRightLeftskip=\skip78
\CenteringRightskip=\skip79
\RaggedLeftRightskip=\skip80
\RaggedRightRightskip=\skip81
\CenteringParfillskip=\skip82
\RaggedLeftParfillskip=\skip83
\RaggedRightParfillskip=\skip84
\JustifyingParfillskip=\skip85
\CenteringParindent=\skip86
\RaggedLeftParindent=\skip87
\RaggedRightParindent=\skip88
\JustifyingParindent=\skip89
)
(/usr/local/Cellar/texlive/20220321_3/share/texmf-dist/tex/latex/footmisc/footm
isc.sty
Package: footmisc 2022/03/08 v6.0d a miscellany of footnote facilities
\FN@temptoken=\toks25
\footnotemargin=\dimen164
\@outputbox@depth=\dimen165
Package footmisc Info: Declaring symbol style bringhurst on input line 695.
Package footmisc Info: Declaring symbol style chicago on input line 703.
Package footmisc Info: Declaring symbol style wiley on input line 712.
Package footmisc Info: Declaring symbol style lamport-robust on input line 723.

Package footmisc Info: Declaring symbol style lamport* on input line 743.
Package footmisc Info: Declaring symbol style lamport*-robust on input line 764
.
)
(/usr/local/Cellar/texlive/20220321_3/share/texmf-dist/tex/latex/marginfix/marg
infix.sty
Package: marginfix 2020/05/06 v1.2 Fix Margin Paragraphs
\Mfx@inject@insert=\insert252
\Mfx@marginbox=\box52
\Mfx@marginpos@min=\dimen166
\Mfx@marginpos@max=\dimen167
\Mfx@marginspace=\dimen168
\Mfx@marginheight=\dimen169
\Mfx@piece@content=\box53
\Mfx@piece@count=\count278
\Mfx@mparshift=\dimen170
\marginheightadjustment=\dimen171
\marginposadjustment=\dimen172
\Mfx@strutheight=\dimen173
)
(/usr/local/Cellar/texlive/20220321_3/share/texmf-dist/tex/latex/graphics/graph
icx.sty
Package: graphicx 2021/09/16 v1.2d Enhanced LaTeX Graphics (DPC,SPQR)

(/usr/local/Cellar/texlive/20220321_3/share/texmf-dist/tex/latex/graphics/graph
ics.sty
Package: graphics 2021/03/04 v1.4d Standard LaTeX Graphics (DPC,SPQR)

(/usr/local/Cellar/texlive/20220321_3/share/texmf-dist/tex/latex/graphics/trig.
sty
Package: trig 2021/08/11 v1.11 sin cos tan (DPC)
)
(/usr/local/Cellar/texlive/20220321_3/share/texmf-dist/tex/latex/graphics-cfg/g
raphics.cfg
File: graphics.cfg 2016/06/04 v1.11 sample graphics configuration
)
Package graphics Info: Driver file: pdftex.def on input line 107.
)
\Gin@req@height=\dimen174
\Gin@req@width=\dimen175
)
(/usr/local/Cellar/texlive/20220321_3/share/texmf-dist/tex/latex/changepage/cha
ngepage.sty
Package: changepage 2009/10/20 v1.0c check page and change page layout
\c@cp@cntr=\count279
\cp@tempcnt=\count280
)
(/usr/local/Cellar/texlive/20220321_3/share/texmf-dist/tex/latex/caption/captio
n.sty
Package: caption 2022/03/01 v3.6b Customizing captions (AR)

(/usr/local/Cellar/texlive/20220321_3/share/texmf-dist/tex/latex/caption/captio
n3.sty
Package: caption3 2022/03/17 v2.3b caption3 kernel (AR)
\caption@tempdima=\dimen176
\captionmargin=\dimen177
\caption@leftmargin=\dimen178
\caption@rightmargin=\dimen179
\caption@width=\dimen180
\caption@indent=\dimen181
\caption@parindent=\dimen182
\caption@hangindent=\dimen183
Package caption Info: Standard document class detected.
)
\c@caption@flags=\count281
\c@continuedfloat=\count282
Package caption Info: changepage package is loaded.
\caption@adjustwidth@hsize=\dimen184
\caption@adjustwidth@linewidth=\dimen185
Package caption Info: hyperref package is loaded.
)
(/usr/local/Cellar/texlive/20220321_3/share/texmf-dist/tex/generic/xstring/xstr
ing.sty
(/usr/local/Cellar/texlive/20220321_3/share/texmf-dist/tex/generic/xstring/xstr
ing.tex
\integerpart=\count283
\decimalpart=\count284
)
Package: xstring 2021/07/21 v1.84 String manipulations (CT)
)
(/usr/local/Cellar/texlive/20220321_3/share/texmf-dist/tex/latex/titlesec/title
toc.sty
Package: titletoc 2021/07/05 v2.14 TOC entries
\ttl@leftsep=\dimen186
)
\rightextend=\skip90

(/usr/local/Cellar/texlive/20220321_3/share/texmf-dist/tex/latex/mathtools/math
tools.sty
Package: mathtools 2022/02/07 v1.28a mathematical typesetting tools

(/usr/local/Cellar/texlive/20220321_3/share/texmf-dist/tex/latex/tools/calc.sty
Package: calc 2017/05/25 v4.3 Infix arithmetic (KKT,FJ)
\calc@Acount=\count285
\calc@Bcount=\count286
\calc@Adimen=\dimen187
\calc@Bdimen=\dimen188
\calc@Askip=\skip91
\calc@Bskip=\skip92
LaTeX Info: Redefining \setlength on input line 80.
LaTeX Info: Redefining \addtolength on input line 81.
\calc@Ccount=\count287
\calc@Cskip=\skip93
)
(/usr/local/Cellar/texlive/20220321_3/share/texmf-dist/tex/latex/mathtools/mhse
tup.sty
Package: mhsetup 2021/03/18 v1.4 programming setup (MH)
)
(/usr/local/Cellar/texlive/20220321_3/share/texmf-dist/tex/latex/amsmath/amsmat
h.sty
Package: amsmath 2021/10/15 v2.17l AMS math features
\@mathmargin=\skip94

For additional information on amsmath, use the `?' option.

(/usr/local/Cellar/texlive/20220321_3/share/texmf-dist/tex/latex/amsmath/amstex
t.sty
Package: amstext 2021/08/26 v2.01 AMS text

(/usr/local/Cellar/texlive/20220321_3/share/texmf-dist/tex/latex/amsmath/amsgen
.sty
File: amsgen.sty 1999/11/30 v2.0 generic functions
\@emptytoks=\toks26
\ex@=\dimen189
))
(/usr/local/Cellar/texlive/20220321_3/share/texmf-dist/tex/latex/amsmath/amsbsy
.sty
Package: amsbsy 1999/11/29 v1.2d Bold Symbols
\pmbraise@=\dimen190
)
(/usr/local/Cellar/texlive/20220321_3/share/texmf-dist/tex/latex/amsmath/amsopn
.sty
Package: amsopn 2021/08/26 v2.02 operator names
)
\inf@bad=\count288
LaTeX Info: Redefining \frac on input line 234.
\uproot@=\count289
\leftroot@=\count290
LaTeX Info: Redefining \overline on input line 399.
\classnum@=\count291
\DOTSCASE@=\count292
LaTeX Info: Redefining \ldots on input line 496.
LaTeX Info: Redefining \dots on input line 499.
LaTeX Info: Redefining \cdots on input line 620.
\Mathstrutbox@=\box54
\strutbox@=\box55
\big@size=\dimen191
LaTeX Font Info:    Redeclaring font encoding OML on input line 743.
LaTeX Font Info:    Redeclaring font encoding OMS on input line 744.
\macc@depth=\count293
\c@MaxMatrixCols=\count294
\dotsspace@=\muskip17
\c@parentequation=\count295
\dspbrk@lvl=\count296
\tag@help=\toks27
\row@=\count297
\column@=\count298
\maxfields@=\count299
\andhelp@=\toks28
\eqnshift@=\dimen192
\alignsep@=\dimen193
\tagshift@=\dimen194
\tagwidth@=\dimen195
\totwidth@=\dimen196
\lineht@=\dimen197
\@envbody=\toks29
\multlinegap=\skip95
\multlinetaggap=\skip96
\mathdisplay@stack=\toks30
LaTeX Info: Redefining \[ on input line 2938.
LaTeX Info: Redefining \] on input line 2939.
)
\g_MT_multlinerow_int=\count300
\l_MT_multwidth_dim=\dimen198
\origjot=\skip97
\l_MT_shortvdotswithinadjustabove_dim=\dimen199
\l_MT_shortvdotswithinadjustbelow_dim=\dimen256
\l_MT_above_intertext_sep=\dimen257
\l_MT_below_intertext_sep=\dimen258
\l_MT_above_shortintertext_sep=\dimen259
\l_MT_below_shortintertext_sep=\dimen260
\xmathstrut@box=\box56
\xmathstrut@dim=\dimen261
))
(/Library/Frameworks/R.framework/Resources/share/texmf/tex/latex/Sweave.sty
Package: Sweave 

(/usr/local/Cellar/texlive/20220321_3/share/texmf-dist/tex/latex/fancyvrb/fancy
vrb.sty
Package: fancyvrb 2021/12/21 4.1b verbatim text (tvz,hv)
\FV@CodeLineNo=\count301
\FV@InFile=\read2
\FV@TabBox=\box57
\c@FancyVerbLine=\count302
\FV@StepNumber=\count303
\FV@OutFile=\write3
)
(/usr/local/Cellar/texlive/20220321_3/share/texmf-dist/tex/latex/base/textcomp.
sty
Package: textcomp 2020/02/02 v2.0n Standard LaTeX package
) Environment Schunk is already defined, stay with former definition)
(/usr/local/Cellar/texlive/20220321_3/share/texmf-dist/tex/latex/booktabs/bookt
abs.sty
Package: booktabs 2020/01/12 v1.61803398 Publication quality tables
\heavyrulewidth=\dimen262
\lightrulewidth=\dimen263
\cmidrulewidth=\dimen264
\belowrulesep=\dimen265
\belowbottomsep=\dimen266
\aboverulesep=\dimen267
\abovetopsep=\dimen268
\cmidrulesep=\dimen269
\cmidrulekern=\dimen270
\defaultaddspace=\dimen271
\@cmidla=\count304
\@cmidlb=\count305
\@aboverulesep=\dimen272
\@belowrulesep=\dimen273
\@thisruleclass=\count306
\@lastruleclass=\count307
\@thisrulewidth=\dimen274
)
(/usr/local/Cellar/texlive/20220321_3/share/texmf-dist/tex/latex/l3backend/l3ba
ckend-pdftex.def
File: l3backend-pdftex.def 2022-02-07 L3 backend support: PDF output (pdfTeX)
\l__color_backend_stack_int=\count308
\l__pdf_internal_box=\box58
) (./LatexStyle2.aux)
\openout1 = `LatexStyle2.aux'.

LaTeX Font Info:    Checking defaults for OML/cmm/m/it on input line 34.
LaTeX Font Info:    ... okay on input line 34.
LaTeX Font Info:    Checking defaults for OMS/cmsy/m/n on input line 34.
LaTeX Font Info:    ... okay on input line 34.
LaTeX Font Info:    Checking defaults for OT1/cmr/m/n on input line 34.
LaTeX Font Info:    ... okay on input line 34.
LaTeX Font Info:    Checking defaults for T1/cmr/m/n on input line 34.
LaTeX Font Info:    ... okay on input line 34.
LaTeX Font Info:    Checking defaults for TS1/cmr/m/n on input line 34.
LaTeX Font Info:    ... okay on input line 34.
LaTeX Font Info:    Checking defaults for OMX/cmex/m/n on input line 34.
LaTeX Font Info:    ... okay on input line 34.
LaTeX Font Info:    Checking defaults for U/cmr/m/n on input line 34.
LaTeX Font Info:    ... okay on input line 34.
LaTeX Font Info:    Checking defaults for PD1/pdf/m/n on input line 34.
LaTeX Font Info:    ... okay on input line 34.
LaTeX Font Info:    Checking defaults for PU/pdf/m/n on input line 34.
LaTeX Font Info:    ... okay on input line 34.

(/usr/local/Cellar/texlive/20220321_3/share/texmf-dist/tex/context/base/mkii/su
pp-pdf.mkii
[Loading MPS to PDF converter (version 2006.09.02).]
\scratchcounter=\count309
\scratchdimen=\dimen275
\scratchbox=\box59
\nofMPsegments=\count310
\nofMParguments=\count311
\everyMPshowfont=\toks31
\MPscratchCnt=\count312
\MPscratchDim=\dimen276
\MPnumerator=\count313
\makeMPintoPDFobject=\count314
\everyMPtoPDFconversion=\toks32
)
(/usr/local/Cellar/texlive/20220321_3/share/texmf-dist/tex/latex/epstopdf-pkg/e
pstopdf-base.sty
Package: epstopdf-base 2020-01-24 v2.11 Base part for package epstopdf
Package epstopdf-base Info: Redefining graphics rule for `.eps' on input line 4
85.

(/usr/local/Cellar/texlive/20220321_3/share/texmf-dist/tex/latex/latexconfig/ep
stopdf-sys.cfg
File: epstopdf-sys.cfg 2010/07/13 v1.3 Configuration of (r)epstopdf for TeX Liv
e
))
Package hyperref Info: Link coloring ON on input line 34.

(/usr/local/Cellar/texlive/20220321_3/share/texmf-dist/tex/latex/hyperref/namer
ef.sty
Package: nameref 2021-04-02 v2.47 Cross-referencing by name of section

(/usr/local/Cellar/texlive/20220321_3/share/texmf-dist/tex/latex/refcount/refco
unt.sty
Package: refcount 2019/12/15 v3.6 Data extraction from label references (HO)
)
(/usr/local/Cellar/texlive/20220321_3/share/texmf-dist/tex/generic/gettitlestri
ng/gettitlestring.sty
Package: gettitlestring 2019/12/15 v1.6 Cleanup title references (HO)
)
\c@section@level=\count315
)
LaTeX Info: Redefining \ref on input line 34.
LaTeX Info: Redefining \pageref on input line 34.
LaTeX Info: Redefining \nameref on input line 34.
 (./LatexStyle2.out) (./LatexStyle2.out)
\@outlinefile=\write4
\openout4 = `LatexStyle2.out'.


*geometry* driver: auto-detecting
*geometry* detected driver: pdftex
*geometry* verbose mode - [ preamble ] result:
* driver: pdftex
* paper: <default>
* layout: <custom>
* layout(width,height): (597.50787pt,794.96999pt)
* layoutoffset:(h,v)=(8.39355pt,0.0pt)
* modes: includehead includefoot 
* h-part:(L,W,R)=(85.35826pt, 384.11221pt, 128.0374pt)
* v-part:(T,H,B)=(42.67912pt, 709.61174pt, 42.67912pt)
* \paperwidth=614.295pt
* \paperheight=794.96999pt
* \textwidth=384.11221pt
* \textheight=624.2535pt
* \oddsidemargin=21.48183pt
* \evensidemargin=21.48183pt
* \topmargin=-29.59087pt
* \headheight=42.67912pt
* \headsep=0.0pt
* \topskip=10.0pt
* \footskip=42.67912pt
* \marginparwidth=85.35826pt
* \marginparsep=14.22636pt
* \columnsep=10.0pt
* \skip\footins=9.0pt plus 4.0pt minus 2.0pt
* \hoffset=0.0pt
* \voffset=0.0pt
* \mag=1000
* \@twocolumnfalse
* \@twosidefalse
* \@mparswitchfalse
* \@reversemarginfalse
* (1in=72.27pt=25.4mm, 1cm=28.453pt)

Package caption Info: Begin \AtBeginDocument code.
Package caption Info: End \AtBeginDocument code.
(./LatexStyle2-concordance.tex)
LaTeX Font Info:    Trying to load font information for T1+phv on input line 37
.

(/usr/local/Cellar/texlive/20220321_3/share/texmf-dist/tex/latex/psnfss/t1phv.f
d
File: t1phv.fd 2020/03/25 scalable font definitions for T1/phv.
)
LaTeX Font Info:    Font shape `T1/lmss/bx/it' in size <14.4> not available
(Font)              Font shape `T1/lmss/bx/sl' tried instead on input line 37.
LaTeX Font Info:    Font shape `T1/lmss/bx/it' in size <10> not available
(Font)              Font shape `T1/lmss/bx/sl' tried instead on input line 37.
LaTeX Font Info:    Font shape `T1/lmss/m/it' in size <10> not available
(Font)              Font shape `T1/lmss/m/sl' tried instead on input line 37.
 [1

{/usr/local/Cellar/texlive/20220321_3/share/texmf-dist/fonts/map/pdftex/updmap/
pdftex.map}] (./LatexStyle2.toc
LaTeX Font Info:    Trying to load font information for T1+fvm on input line 15
.

(/usr/local/Cellar/texlive/20220321_3/share/texmf-dist/tex/latex/bera/t1fvm.fd
File: t1fvm.fd 2004/09/07 scalable font definitions for T1/fvm.
)
LaTeX Font Info:    Font shape `T1/fvm/m/n' will be
(Font)              scaled to size 7.98004pt on input line 15.
LaTeX Font Info:    Font shape `T1/fvm/m/n' will be
(Font)              scaled to size 7.18204pt on input line 15.
)
\tf@toc=\write5
\openout5 = `LatexStyle2.toc'.



Package fancyhdr Warning: \headheight is too small (42.67912pt): 
(fancyhdr)                Make it at least 46.27916pt, for example:
(fancyhdr)                \setlength{\headheight}{46.27916pt}.
(fancyhdr)                You might also make \topmargin smaller to compensate:

(fancyhdr)                \addtolength{\topmargin}{-3.60004pt}.

[2]
LaTeX Font Info:    Font shape `T1/fvm/m/n' will be
(Font)              scaled to size 6.38403pt on input line 74.


Package fancyhdr Warning: \headheight is too small (42.67912pt): 
(fancyhdr)                Make it at least 46.27916pt, for example:
(fancyhdr)                \setlength{\headheight}{46.27916pt}.
(fancyhdr)                You might also make \topmargin smaller to compensate:

(fancyhdr)                \addtolength{\topmargin}{-3.60004pt}.

[3]
LaTeX Font Info:    Font shape `T1/fvm/m/sl' will be
(Font)              scaled to size 7.98004pt on input line 184.


Package fancyhdr Warning: \headheight is too small (42.67912pt): 
(fancyhdr)                Make it at least 46.27916pt, for example:
(fancyhdr)                \setlength{\headheight}{46.27916pt}.
(fancyhdr)                You might also make \topmargin smaller to compensate:

(fancyhdr)                \addtolength{\topmargin}{-3.60004pt}.

[4]
LaTeX Font Info:    Trying to load font information for TS1+fvm on input line 2
13.

(/usr/local/Cellar/texlive/20220321_3/share/texmf-dist/tex/latex/bera/ts1fvm.fd
File: ts1fvm.fd 2004/09/07 scalable font definitions for TS1/fvm.
)
LaTeX Font Info:    Font shape `TS1/fvm/m/n' will be
(Font)              scaled to size 7.98004pt on input line 213.


Package fancyhdr Warning: \headheight is too small (42.67912pt): 
(fancyhdr)                Make it at least 46.27916pt, for example:
(fancyhdr)                \setlength{\headheight}{46.27916pt}.
(fancyhdr)                You might also make \topmargin smaller to compensate:

(fancyhdr)                \addtolength{\topmargin}{-3.60004pt}.

[5]
Underfull \hbox (badness 10000) in paragraph at lines 284--289

 []

LaTeX Font Info:    Trying to load font information for TS1+lmss on input line 
289.
(/usr/local/Cellar/texlive/20220321_3/share/texmf-dist/tex/latex/lm/ts1lmss.fd
File: ts1lmss.fd 2015/05/01 v1.6.1 Font defs for Latin Modern
)

Package fancyhdr Warning: \headheight is too small (42.67912pt): 
(fancyhdr)                Make it at least 46.27916pt, for example:
(fancyhdr)                \setlength{\headheight}{46.27916pt}.
(fancyhdr)                You might also make \topmargin smaller to compensate:

(fancyhdr)                \addtolength{\topmargin}{-3.60004pt}.

[6]
Overfull \hbox (0.39455pt too wide) in paragraph at lines 318--319
[]\T1/fvm/m/n/10 \bioccomment{additional information for the user} \T1/lmss/m/n
/10 com-mu-ni-cates []\T1/lmss/m/sl/10 Com-ment: ad-
 []


Overfull \hbox (10.07472pt too wide) in paragraph at lines 356--356
[]\T1/lmss/m/n/9 120mm| 
 []


Overfull \hbox (10.07472pt too wide) in paragraph at lines 357--357
[]\T1/lmss/m/n/9 150mm| 
 []


Overfull \hbox (5.44972pt too wide) in paragraph at lines 358--358
[]\T1/lmss/m/n/9 75mm| 
 []


Underfull \hbox (badness 10000) in paragraph at lines 352--363
[][]
 []

<LatexStyle2-fig.pdf, id=194, 578.16pt x 361.35pt>
File: LatexStyle2-fig.pdf Graphic file (type pdf)
<use LatexStyle2-fig.pdf>
Package pdftex.def Info: LatexStyle2-fig.pdf  used on input line 366.
(pdftex.def)             Requested size: 341.42903pt x 213.39314pt.

Overfull \hbox (42.67912pt too wide) in paragraph at lines 367--367
[][] 
 []

<LatexStyle2-widefig.pdf, id=195, 722.7pt x 361.35pt>
File: LatexStyle2-widefig.pdf Graphic file (type pdf)
<use LatexStyle2-widefig.pdf>
Package pdftex.def Info: LatexStyle2-widefig.pdf  used on input line 371.
(pdftex.def)             Requested size: 426.79732pt x 213.39867pt.
<LatexStyle2-smallfig.pdf, id=196, 361.35pt x 361.35pt>
File: LatexStyle2-smallfig.pdf Graphic file (type pdf)
<use LatexStyle2-smallfig.pdf>
Package pdftex.def Info: LatexStyle2-smallfig.pdf  used on input line 377.
(pdftex.def)             Requested size: 213.39867pt x 213.39867pt.

Overfull \hbox (128.03737pt too wide) in paragraph at lines 378--378
[] [] 
 []


Package fancyhdr Warning: \headheight is too small (42.67912pt): 
(fancyhdr)                Make it at least 46.27916pt, for example:
(fancyhdr)                \setlength{\headheight}{46.27916pt}.
(fancyhdr)                You might also make \topmargin smaller to compensate:

(fancyhdr)                \addtolength{\topmargin}{-3.60004pt}.

[7]
Overfull \hbox (12.48083pt too wide) in paragraph at lines 411--417
\T1/lmss/m/n/10 spec-i-fied in [][]\T1/fvm/m/n/10 fig.env[] \T1/lmss/m/n/10 chu
nk op-tion, e.g. set [][]\T1/fvm/m/n/10 fig.env='smallfigure'[] \T1/lmss/m/n/10
 to get [][]\T1/fvm/m/n/10 \begin{smallfigure}[]\T1/lmss/m/n/10 .
 []


Package fancyhdr Warning: \headheight is too small (42.67912pt): 
(fancyhdr)                Make it at least 46.27916pt, for example:
(fancyhdr)                \setlength{\headheight}{46.27916pt}.
(fancyhdr)                You might also make \topmargin smaller to compensate:

(fancyhdr)                \addtolength{\topmargin}{-3.60004pt}.

[8 <./LatexStyle2-fig.pdf> <./LatexStyle2-widefig.pdf>]
<LatexStyle2-squarefig.pdf, id=229, 722.7pt x 722.7pt>
File: LatexStyle2-squarefig.pdf Graphic file (type pdf)
<use LatexStyle2-squarefig.pdf>
Package pdftex.def Info: LatexStyle2-squarefig.pdf  used on input line 440.
(pdftex.def)             Requested size: 426.79732pt x 426.79732pt.
LaTeX Font Info:    Font shape `T1/fvm/m/n' will be
(Font)              scaled to size 9.57605pt on input line 446.


Package fancyhdr Warning: \headheight is too small (42.67912pt): 
(fancyhdr)                Make it at least 46.27916pt, for example:
(fancyhdr)                \setlength{\headheight}{46.27916pt}.
(fancyhdr)                You might also make \topmargin smaller to compensate:

(fancyhdr)                \addtolength{\topmargin}{-3.60004pt}.

[9 <./LatexStyle2-smallfig.pdf>]
LaTeX Font Info:    Font shape `T1/fvm/b/n' will be
(Font)              scaled to size 7.98004pt on input line 455.


Package fancyhdr Warning: \headheight is too small (42.67912pt): 
(fancyhdr)                Make it at least 46.27916pt, for example:
(fancyhdr)                \setlength{\headheight}{46.27916pt}.
(fancyhdr)                You might also make \topmargin smaller to compensate:

(fancyhdr)                \addtolength{\topmargin}{-3.60004pt}.

[10 <./LatexStyle2-squarefig.pdf>]
<LatexStyle2-figureexample.pdf, id=250, 289.08pt x 289.08pt>
File: LatexStyle2-figureexample.pdf Graphic file (type pdf)
<use LatexStyle2-figureexample.pdf>
Package pdftex.def Info: LatexStyle2-figureexample.pdf  used on input line 495.

(pdftex.def)             Requested size: 170.71451pt x 170.71451pt.

Overfull \hbox (42.67912pt too wide) in paragraph at lines 495--495
[][] 
 []


Package fancyhdr Warning: \headheight is too small (42.67912pt): 
(fancyhdr)                Make it at least 46.27916pt, for example:
(fancyhdr)                \setlength{\headheight}{46.27916pt}.
(fancyhdr)                You might also make \topmargin smaller to compensate:

(fancyhdr)                \addtolength{\topmargin}{-3.60004pt}.

[11 <./LatexStyle2-figureexample.pdf>] (./LatexStyle2.bbl)

Package fancyhdr Warning: \headheight is too small (42.67912pt): 
(fancyhdr)                Make it at least 46.27916pt, for example:
(fancyhdr)                \setlength{\headheight}{46.27916pt}.
(fancyhdr)                You might also make \topmargin smaller to compensate:

(fancyhdr)                \addtolength{\topmargin}{-3.60004pt}.

[12]
Overfull \hbox (1.18674pt too wide) in paragraph at lines 577--578
[][]\T1/fvm/m/n/10 /Library/Frameworks/R.framework/Versions/4.2/Resources/lib/l
ibRblas.0.dylib  
 []


Overfull \hbox (1.18674pt too wide) in paragraph at lines 578--579
[][]\T1/fvm/m/n/10 /Library/Frameworks/R.framework/Versions/4.2/Resources/lib/l
ibRlapack.dylib  
 []


Package fancyhdr Warning: \headheight is too small (42.67912pt): 
(fancyhdr)                Make it at least 46.27916pt, for example:
(fancyhdr)                \setlength{\headheight}{46.27916pt}.
(fancyhdr)                You might also make \topmargin smaller to compensate:

(fancyhdr)                \addtolength{\topmargin}{-3.60004pt}.

[13] (./LatexStyle2.aux)
Package rerunfilecheck Info: File `LatexStyle2.out' has not changed.
(rerunfilecheck)             Checksum: 8C2E42D501A74CE70E8BA504ABC988CF;3736.
 ) 
Here is how much of TeX's memory you used:
 15162 strings out of 478268
 250792 string characters out of 5836863
 557314 words of memory out of 5000000
 33038 multiletter control sequences out of 15000+600000
 580159 words of font info for 126 fonts, out of 8000000 for 9000
 1141 hyphenation exceptions out of 8191
 83i,17n,90p,1200b,612s stack positions out of 10000i,1000n,20000p,200000b,200000s
{/usr/local/Cellar/texlive/20220321_3/share/texmf-dist/fonts/enc/dvips/base/8
r.enc}{/usr/local/Cellar/texlive/20220321_3/share/texmf-dist/fonts/enc/dvips/lm
/lm-ec.enc}{/usr/local/Cellar/texlive/20220321_3/share/texmf-dist/fonts/enc/dvi
ps/lm/lm-ts1.enc}</usr/local/Cellar/texlive/20220321_3/share/texmf-dist/fonts/t
ype1/public/amsfonts/cm/cmmi10.pfb></usr/local/Cellar/texlive/20220321_3/share/
texmf-dist/fonts/type1/public/amsfonts/cm/cmr10.pfb></usr/local/Cellar/texlive/
20220321_3/share/texmf-dist/fonts/type1/public/amsfonts/cm/cmr7.pfb></usr/local
/Cellar/texlive/20220321_3/share/texmf-dist/fonts/type1/public/amsfonts/cm/cmsy
10.pfb></usr/local/Cellar/texlive/20220321_3/share/texmf-dist/fonts/type1/publi
c/amsfonts/cm/cmsy9.pfb></usr/local/Cellar/texlive/20220321_3/share/texmf-dist/
fonts/type1/public/bera/fvmb8a.pfb></usr/local/Cellar/texlive/20220321_3/share/
texmf-dist/fonts/type1/public/bera/fvmr8a.pfb></usr/local/Cellar/texlive/202203
21_3/share/texmf-dist/fonts/type1/public/bera/fvmro8a.pfb></usr/local/Cellar/te
xlive/20220321_3/share/texmf-dist/fonts/type1/public/lm/lmss10.pfb></usr/local/
Cellar/texlive/20220321_3/share/texmf-dist/fonts/type1/public/lm/lmss8.pfb></us
r/local/Cellar/texlive/20220321_3/share/texmf-dist/fonts/type1/public/lm/lmss9.
pfb></usr/local/Cellar/texlive/20220321_3/share/texmf-dist/fonts/type1/public/l
m/lmssbo10.pfb></usr/local/Cellar/texlive/20220321_3/share/texmf-dist/fonts/typ
e1/public/lm/lmssbx10.pfb></usr/local/Cellar/texlive/20220321_3/share/texmf-dis
t/fonts/type1/public/lm/lmsso10.pfb></usr/local/Cellar/texlive/20220321_3/share
/texmf-dist/fonts/type1/public/lm/lmsso8.pfb></usr/local/Cellar/texlive/2022032
1_3/share/texmf-dist/fonts/type1/urw/helvetic/uhvb8a.pfb></usr/local/Cellar/tex
live/20220321_3/share/texmf-dist/fonts/type1/urw/helvetic/uhvbo8a.pfb></usr/loc
al/Cellar/texlive/20220321_3/share/texmf-dist/fonts/type1/urw/helvetic/uhvr8a.p
fb></usr/local/Cellar/texlive/20220321_3/share/texmf-dist/fonts/type1/urw/helve
tic/uhvro8a.pfb>
Output written on LatexStyle2.pdf (13 pages, 334219 bytes).
PDF statistics:
 384 PDF objects out of 1000 (max. 8388607)
 294 compressed objects within 3 object streams
 47 named destinations out of 1000 (max. 500000)
 206 words of extra memory for PDF output out of 10000 (max. 10000000)

