* Checking for deprecated package usage... OK
* Checking for remote package usage... OK
* Checking for 'LazyData: true' usage... OK
* Checking version number... OK
* Checking for version number mismatch... OK
* Checking version number validity... OK
* Checking package size... OK
* Checking individual file sizes... OK
* Checking biocViews... OK
* Checking that biocViews are present... OK
* Checking package type based on biocViews... OK
* Checking for non-trivial biocViews... OK
* Checking that biocViews come from the same category... OK
* Checking biocViews validity... OK
* Checking for recommended biocViews... OK
* Checking build system compatibility... OK
* Checking for blank lines in DESCRIPTION... OK
* Checking if DESCRIPTION is well formatted... OK
* Checking for proper Description: field...
* WARNING: Description field in the DESCRIPTION file is too concise
* Checking for whitespace in DESCRIPTION field names... OK
* Checking that Package field matches directory/tarball name... OK
* Checking for Version field... OK
* Checking for valid maintainer... OK
* Checking License: for restrictive use... OK
* Checking for pinned package versions... OK
* Checking DESCRIPTION/NAMESPACE consistency... OK
* Checking .Rbuildignore... OK
* Checking for stray BiocCheck output folders... OK
* Checking vignette directory...
* WARNING: Evaluate more vignette chunks.
* Checking package installation calls in R code... OK
* Checking for library/require of rworkflows... OK
* Checking coding practice...
* NOTE:  Avoid 'cat' and 'print' outside of 'show' methods
Found in files:
cat() in R/use_dockerfile.R (line 34, column 5)
* Checking parsed R code in R directory, examples, vignettes... OK
* Checking function lengths...
* NOTE: The recommended function length is 50 lines or less. There are 4 functions greater than 50 lines.
The longest 5 functions are:
use_gha() (R/use_gha.R): 98 lines
use_dockerfile() (R/use_dockerfile.R): 21 lines
messager() (R/messager.R):  8 lines
message_parallel() (R/message_parallel.R):  3 lines
* Checking man page documentation... OK
* Checking package NEWS... OK
* Checking unit tests... OK
* Checking skip_on_bioc() in tests... OK
* Checking formatting of DESCRIPTION, NAMESPACE, man pages, R source, and vignette source...
* NOTE: Consider shorter lines; 18 lines (3%) are > 80 characters long.
First few lines:
R/use_dockerfile.R#L 29       url = "https://github.com/neurogen...
R/use_gha.R#L 86                                 "- { os:...
R/use_gha.R#L 87                                 "- { os:...
R/use_gha.R#L 88                                 "- { os:...
R/use_gha.R#L 97                             curl -fsSL h...
R/use_gha.R#L104                               "run_cranc...
vignettes/docker.Rmd#L  3 author: "<h4>Authors: <i>`r auths <- eva...
vignettes/docker.Rmd#L 63 * Make sure to replace `<your_password>`...
vignettes/docker.Rmd#L 66 which means it will persist even after y...
vignettes/docker.Rmd#L 68 * Optionally, you can also install the [...
vignettes/docker.Rmd#L 75 you can instead [install Docker images v...
vignettes/rworkflows.Rmd#L  3 author: "<h4>Authors: <i>`r auths <- eva...
vignettes/rworkflows.Rmd#L 28 If you haven't already [created your R p...
vignettes/rworkflows.Rmd#L 29 you can use [`templateR`](https://github...
vignettes/rworkflows.Rmd#L 37 See here for instructions on how to crea...
vignettes/rworkflows.Rmd#L 38 and [GitHub Organization Secrets](https:...
vignettes/rworkflows.Rmd#L 43 generated [via the following instruction...
vignettes/rworkflows.Rmd#L 45 [via the following instructions](https:/...
* NOTE: Consider multiples of 4 spaces for line indents; 70 lines (12%) are not.
First few lines:
R/use_dockerfile.R#L 18                            path=file.pat...
R/use_dockerfile.R#L 19                            force_new=FAL...
R/use_dockerfile.R#L 20                            show=FALSE,...
R/use_dockerfile.R#L 21                            verbose=TRUE)...
R/use_dockerfile.R#L 22   ...
R/use_dockerfile.R#L 23   if(file.exists(path) & isFALSE(force_n...
R/use_dockerfile.R#L 25   } else {...
R/use_dockerfile.R#L 29       url = "https://github.com/neurogen...
R/use_dockerfile.R#L 30       destfile = path) ...
R/use_dockerfile.R#L 31   }...
R/use_dockerfile.R#L 32   if(isTRUE(show)){...
R/use_dockerfile.R#L 35   }...
R/use_dockerfile.R#L 36   return(path)...
R/use_gha.R#L 71                            ),...
R/use_gha.R#L 74                            ),...
R/use_gha.R#L 75                        ...
R/use_gha.R#L102                          list("with:",...
R/use_gha.R#L103                               "run_biocc...
R/use_gha.R#L104                               "run_cranc...
R/use_gha.R#L105                               "has_testt...
R/use_gha.R#L106                               "run_covr:...
R/use_gha.R#L107                               "run_pkgdo...
R/use_gha.R#L108                               "has_runit...
R/use_gha.R#L109                               "run_docke...
R/use_gha.R#L110                               "repositor...
R/use_gha.R#L111                               "GITHUB_TO...
R/use_gha.R#L112                               "DOCKER_US...
R/use_gha.R#L113                               "DOCKER_OR...
R/use_gha.R#L114                               "DOCKER_TO...
R/use_gha.R#L115                               "runner.os...
R/use_gha.R#L116                               "cache_ver...
R/use_gha.R#L117                               )...
R/use_gha.R#L118                          )...
man/messager.Rd#L 20  Allows developers to easily control ver...
man/messager.Rd#L 21  and meet Bioconductor requirements that...
man/messager.Rd#L 22  must first be stored to a variable befo...
man/use_dockerfile.Rd#L  8   save_dir = getwd(),...
man/use_dockerfile.Rd#L  9   path = file.path(save_dir, "Dockerfile...
man/use_dockerfile.Rd#L 10   force_new = FALSE,...
man/use_dockerfile.Rd#L 11   show = FALSE,...
man/use_dockerfile.Rd#L 12   verbose = TRUE...
man/use_gha.Rd#L  8   name = "test-document-deploy",...
man/use_gha.Rd#L  9   on = c("push", "pull_request"),...
man/use_gha.Rd#L 10   branches = c("master", "main"),...
man/use_gha.Rd#L 11   run_bioccheck = FALSE,...
man/use_gha.Rd#L 12   run_crancheck = TRUE,...
man/use_gha.Rd#L 13   has_testthat = TRUE,...
man/use_gha.Rd#L 14   run_covr = TRUE,...
man/use_gha.Rd#L 15   run_pkgdown = TRUE,...
man/use_gha.Rd#L 16   has_runit = TRUE,...
man/use_gha.Rd#L 17   run_docker = TRUE,...
man/use_gha.Rd#L 18   repository = "${{ github.repository }}...
man/use_gha.Rd#L 19   github_token = "${{ secrets.PAT_GITHUB...
man/use_gha.Rd#L 20   docker_username = NULL,...
man/use_gha.Rd#L 21   docker_org = docker_username,...
man/use_gha.Rd#L 22   docker_token = "${{ secrets.DOCKER_TOK...
man/use_gha.Rd#L 23   cache_version = "cache_version",...
man/use_gha.Rd#L 24   save_dir = here::here(".github", "work...
man/use_gha.Rd#L 25   return_path = TRUE,...
man/use_gha.Rd#L 26   force_new = FALSE,...
man/use_gha.Rd#L 27   verbose = TRUE...
man/use_gha.Rd#L 85  \href{https://github.com/neurogenomics/...
man/use_gha.Rd#L 88  ...
vignettes/docker.Rmd#L 38   -d \...
vignettes/docker.Rmd#L 39   -e ROOT=true \...
vignettes/docker.Rmd#L 40   -e PASSWORD="<your_password>" \...
vignettes/docker.Rmd#L 41   -v ~/Desktop:/Desktop \...
vignettes/docker.Rmd#L 42   -v /Volumes:/Volumes \...
vignettes/docker.Rmd#L 43   -p 8787:8787 \...
vignettes/docker.Rmd#L 44   `r docker_user`/`r pkg`...
* Checking if package already exists in CRAN... OK
